<?xml version="1.0" encoding="utf-8"?>
<TestRun id="4ac2d11d-f662-4877-a702-f2ae9cd9d51c" name="Jacob@DESKTOP-7CHJ9S6 2026-08-09 13:13:29" runUser="DESKTOP-7CHJ9S6\Jacob" xmlns="http://microsoft.com/schemas/VisualStudio/TeamTest/2010">
  <Times creation="2026-08-09T13:13:29.4715718+01:00" queuing="2026-08-09T13:13:29.4715720+01:00" start="2026-08-09T13:13:28.6106513+01:00" finish="2026-08-09T13:13:29.4755858+01:00" />
  <TestSettings name="default" id="79260bda-1db5-4cbd-b03f-df6e6306aa03">
    <Deployment runDeploymentRoot="Jacob_DESKTOP-7CHJ9S6_2026-08-09_13_13_29" />
  </TestSettings>
  <Results>
    <UnitTestResult executionId="51adb134-7c89-4321-8372-9730c4fbd221" testId="df023af1-b601-6bdc-1ab6-006b0c4988ab" testName="Haven.Desktop.Tests.HavenUiAppearanceTests.Appearance_persists_and_updates_the_canonical_semantic_resources" computerName="DESKTOP-7CHJ9S6" duration="00:00:00.0010000" startTime="2026-08-09T13:13:29.4029843+01:00" endTime="2026-08-09T13:13:29.4029965+01:00" testType="13cdc9d9-ddb5-4fa4-a97d-d965ccfc6d4b" outcome="Failed" testListId="8c84fa94-04c1-424b-9868-57a2d4851a1d" relativeResultsDirectory="51adb134-7c89-4321-8372-9730c4fbd221">
      <Output>
        <ErrorInfo>
          <Message>[Test Case Cleanup Failure (Haven.Desktop.Tests.HavenUiAppearanceTests.Appearance_persists_and_updates_the_canonical_semantic_resources)]: Avalonia.Markup.Xaml.XamlLoadException : No precompiled XAML found for Haven.Desktop.App, make sure to specify x:Class and include your XAML file as AvaloniaResource</Message>
          <StackTrace>   at Avalonia.Markup.Xaml.AvaloniaXamlLoader.Load(Object obj)&#xD;
   at Haven.Desktop.App.Initialize() in C:\Users\Jacob\OneDrive\Personal Files\Development\Visual Studio\Haven AI\Source\src\Haven.Desktop\App.axaml.cs:line 30&#xD;
   at Avalonia.AppBuilder.SetupUnsafe()&#xD;
   at Avalonia.Headless.HeadlessUnitTestSession.EnsureIsolatedApplication()&#xD;
   at Avalonia.Headless.HeadlessUnitTestSession.&lt;&gt;c__DisplayClass12_0`1.&lt;DispatchCore&gt;b__0()&#xD;
--- End of stack trace from previous location ---&#xD;
   at Avalonia.Headless.XUnit.AvaloniaTestRunner.Run(IXunitTest test, IMessageBus messageBus, Object[] constructorArguments, ExplicitOption explicitOption, ExceptionAggregator aggregator, CancellationTokenSource cancellationTokenSource, IReadOnlyCollection`1 beforeAfterAttributes, HeadlessUnitTestSession session)&#xD;
   at Avalonia.Headless.XUnit.AvaloniaTestRunner.Run(IXunitTest test, IMessageBus messageBus, Object[] constructorArguments, ExplicitOption explicitOption, ExceptionAggregator aggregator, CancellationTokenSource cancellationTokenSource, IReadOnlyCollection`1 beforeAfterAttributes, HeadlessUnitTestSession session)</StackTrace>
        </ErrorInfo>
      </Output>
    </UnitTestResult>
  </Results>
  <TestDefinitions>
    <UnitTest name="Haven.Desktop.Tests.HavenUiAppearanceTests.Appearance_persists_and_updates_the_canonical_semantic_resources" storage="c:\users\jacob\onedrive\personal files\development\visual studio\haven ai\source\tests\haven.desktop.tests\bin\x64\release\net10.0-windows10.0.19041.0\haven.desktop.tests.dll" id="df023af1-b601-6bdc-1ab6-006b0c4988ab">
      <Execution id="51adb134-7c89-4321-8372-9730c4fbd221" />
      <TestMethod codeBase="C:\Users\Jacob\OneDrive\Personal Files\Development\Visual Studio\Haven AI\Source\tests\Haven.Desktop.Tests\bin\x64\Release\net10.0-windows10.0.19041.0\Haven.Desktop.Tests.dll" adapterTypeName="executor://xunit/VsTestRunner3/netcore/" className="Haven.Desktop.Tests.HavenUiAppearanceTests" name="Appearance_persists_and_updates_the_canonical_semantic_resources" />
    </UnitTest>
  </TestDefinitions>
  <TestEntries>
    <TestEntry testId="df023af1-b601-6bdc-1ab6-006b0c4988ab" executionId="51adb134-7c89-4321-8372-9730c4fbd221" testListId="8c84fa94-04c1-424b-9868-57a2d4851a1d" />
  </TestEntries>
  <TestLists>
    <TestList name="Results Not in a List" id="8c84fa94-04c1-424b-9868-57a2d4851a1d" />
    <TestList name="All Loaded Results" id="19431567-8539-422a-85d7-44ee4e166bda" />
  </TestLists>
  <ResultSummary outcome="Failed">
    <Counters total="1" executed="1" passed="0" failed="1" error="0" timeout="0" aborted="0" inconclusive="0" passedButRunAborted="0" notRunnable="0" notExecuted="0" disconnected="0" warning="0" completed="0" inProgress="0" pending="0" />
    <Output>
      <StdOut>[xUnit.net 00:00:00.00] xUnit.net VSTest Adapter v3.1.5+1b188a7b0a (64-bit .NET 10.0.10)&#xD;
[xUnit.net 00:00:00.12]   Discovering: Haven.Desktop.Tests&#xD;
[xUnit.net 00:00:00.30]   Discovered:  Haven.Desktop.Tests&#xD;
[xUnit.net 00:00:00.45]   Starting:    Haven.Desktop.Tests&#xD;
[xUnit.net 00:00:00.53]       Avalonia.Markup.Xaml.XamlLoadException : No precompiled XAML found for Haven.Desktop.App, make sure to specify x:Class and include your XAML file as AvaloniaResource&#xD;
[xUnit.net 00:00:00.53]       Stack Trace:&#xD;
[xUnit.net 00:00:00.53]            at Avalonia.Markup.Xaml.AvaloniaXamlLoader.Load(Object obj)&#xD;
[xUnit.net 00:00:00.53]         C:\Users\Jacob\OneDrive\Personal Files\Development\Visual Studio\Haven AI\Source\src\Haven.Desktop\App.axaml.cs(30,0): at Haven.Desktop.App.Initialize()&#xD;
[xUnit.net 00:00:00.53]            at Avalonia.AppBuilder.SetupUnsafe()&#xD;
[xUnit.net 00:00:00.53]            at Avalonia.Headless.HeadlessUnitTestSession.EnsureIsolatedApplication()&#xD;
[xUnit.net 00:00:00.53]            at Avalonia.Headless.HeadlessUnitTestSession.&lt;&gt;c__DisplayClass12_0`1.&lt;DispatchCore&gt;b__0()&#xD;
[xUnit.net 00:00:00.53]         --- End of stack trace from previous location ---&#xD;
[xUnit.net 00:00:00.53]            at Avalonia.Headless.XUnit.AvaloniaTestRunner.Run(IXunitTest test, IMessageBus messageBus, Object[] constructorArguments, ExplicitOption explicitOption, ExceptionAggregator aggregator, CancellationTokenSource cancellationTokenSource, IReadOnlyCollection`1 beforeAfterAttributes, HeadlessUnitTestSession session)&#xD;
[xUnit.net 00:00:00.53]            at Avalonia.Headless.XUnit.AvaloniaTestRunner.Run(IXunitTest test, IMessageBus messageBus, Object[] constructorArguments, ExplicitOption explicitOption, ExceptionAggregator aggregator, CancellationTokenSource cancellationTokenSource, IReadOnlyCollection`1 beforeAfterAttributes, HeadlessUnitTestSession session)&#xD;
[xUnit.net 00:00:00.54]   Finished:    Haven.Desktop.Tests (ID = '6af4a94bc17ebdbd1a28f789ec417e791bbca09ef8b01f58bbd623e29235e022')&#xD;
</StdOut>
    </Output>
    <RunInfos>
      <RunInfo computerName="DESKTOP-7CHJ9S6" outcome="Error" timestamp="2026-08-09T13:13:29.4011616+01:00">
        <Text>[xUnit.net 00:00:00.53]     [Test Case Cleanup Failure (Haven.Desktop.Tests.HavenUiAppearanceTests.Appearance_persists_and_updates_the_canonical_semantic_resources)] Avalonia.Markup.Xaml.XamlLoadException</Text>
      </RunInfo>
    </RunInfos>
  </ResultSummary>
</TestRun>