<?xml version="1.0" encoding="utf-8"?>
<TestRun id="d2292c43-45c3-40be-a846-89ff2424b1fd" name="Jacob@DESKTOP-7CHJ9S6 2026-08-09 13:58:50" runUser="DESKTOP-7CHJ9S6\Jacob" xmlns="http://microsoft.com/schemas/VisualStudio/TeamTest/2010">
  <Times creation="2026-08-09T13:58:50.6998210+01:00" queuing="2026-08-09T13:58:50.6998213+01:00" start="2026-08-09T13:58:49.2880636+01:00" finish="2026-08-09T13:58:50.7049816+01:00" />
  <TestSettings name="default" id="3b56a14f-9ed0-4e5d-b27f-5361a9757a19">
    <Deployment runDeploymentRoot="Jacob_DESKTOP-7CHJ9S6_2026-08-09_13_58_50" />
  </TestSettings>
  <Results>
    <UnitTestResult executionId="1d3c20b8-58df-47d1-8259-68d01ada62fc" testId="1bc8b644-eb1d-e446-e15f-4e5c98385f4d" testName="Haven.Desktop.Tests.GenerativeUiSurfaceTests.Structured_form_can_submit_and_recreate_visual_surface_over_same_instance" computerName="DESKTOP-7CHJ9S6" duration="00:00:00.3321474" startTime="2026-08-09T13:58:50.2692147+01:00" endTime="2026-08-09T13:58:50.6155782+01:00" testType="13cdc9d9-ddb5-4fa4-a97d-d965ccfc6d4b" outcome="Failed" testListId="8c84fa94-04c1-424b-9868-57a2d4851a1d" relativeResultsDirectory="1d3c20b8-58df-47d1-8259-68d01ada62fc">
      <Output>
        <ErrorInfo>
          <Message>Assert.Equal() Failure: Strings differ&#xD;
           ↓ (pos 0)&#xD;
Expected: "Ship broader GenUI"&#xD;
Actual:   ""</Message>
          <StackTrace>   at Haven.Desktop.Tests.GenerativeUiSurfaceTests.Structured_form_can_submit_and_recreate_visual_surface_over_same_instance() in C:\Users\Jacob\OneDrive\Personal Files\Development\Visual Studio\Haven AI\Source\tests\Haven.Desktop.Tests\GenerativeUiSurfaceTests.cs:line 108&#xD;
--- End of stack trace from previous location ---</StackTrace>
        </ErrorInfo>
      </Output>
    </UnitTestResult>
  </Results>
  <TestDefinitions>
    <UnitTest name="Haven.Desktop.Tests.GenerativeUiSurfaceTests.Structured_form_can_submit_and_recreate_visual_surface_over_same_instance" storage="c:\users\jacob\onedrive\personal files\development\visual studio\haven ai\source\tests\haven.desktop.tests\bin\x64\release\net10.0-windows10.0.19041.0\haven.desktop.tests.dll" id="1bc8b644-eb1d-e446-e15f-4e5c98385f4d">
      <Execution id="1d3c20b8-58df-47d1-8259-68d01ada62fc" />
      <TestMethod codeBase="C:\Users\Jacob\OneDrive\Personal Files\Development\Visual Studio\Haven AI\Source\tests\Haven.Desktop.Tests\bin\x64\Release\net10.0-windows10.0.19041.0\Haven.Desktop.Tests.dll" adapterTypeName="executor://xunit/VsTestRunner3/netcore/" className="Haven.Desktop.Tests.GenerativeUiSurfaceTests" name="Structured_form_can_submit_and_recreate_visual_surface_over_same_instance" />
    </UnitTest>
  </TestDefinitions>
  <TestEntries>
    <TestEntry testId="1bc8b644-eb1d-e446-e15f-4e5c98385f4d" executionId="1d3c20b8-58df-47d1-8259-68d01ada62fc" testListId="8c84fa94-04c1-424b-9868-57a2d4851a1d" />
  </TestEntries>
  <TestLists>
    <TestList name="Results Not in a List" id="8c84fa94-04c1-424b-9868-57a2d4851a1d" />
    <TestList name="All Loaded Results" id="19431567-8539-422a-85d7-44ee4e166bda" />
  </TestLists>
  <ResultSummary outcome="Failed">
    <Counters total="1" executed="1" passed="0" failed="1" error="0" timeout="0" aborted="0" inconclusive="0" passedButRunAborted="0" notRunnable="0" notExecuted="0" disconnected="0" warning="0" completed="0" inProgress="0" pending="0" />
    <Output>
      <StdOut>[xUnit.net 00:00:00.00] xUnit.net VSTest Adapter v3.1.5+1b188a7b0a (64-bit .NET 10.0.10)&#xD;
[xUnit.net 00:00:00.12]   Discovering: Haven.Desktop.Tests&#xD;
[xUnit.net 00:00:00.31]   Discovered:  Haven.Desktop.Tests&#xD;
[xUnit.net 00:00:00.44]   Starting:    Haven.Desktop.Tests&#xD;
[xUnit.net 00:00:01.07]       Assert.Equal() Failure: Strings differ&#xD;
[xUnit.net 00:00:01.07]                  ↓ (pos 0)&#xD;
[xUnit.net 00:00:01.07]       Expected: "Ship broader GenUI"&#xD;
[xUnit.net 00:00:01.07]       Actual:   ""&#xD;
[xUnit.net 00:00:01.07]       Stack Trace:&#xD;
[xUnit.net 00:00:01.07]         C:\Users\Jacob\OneDrive\Personal Files\Development\Visual Studio\Haven AI\Source\tests\Haven.Desktop.Tests\GenerativeUiSurfaceTests.cs(108,0): at Haven.Desktop.Tests.GenerativeUiSurfaceTests.Structured_form_can_submit_and_recreate_visual_surface_over_same_instance()&#xD;
[xUnit.net 00:00:01.07]         --- End of stack trace from previous location ---&#xD;
[xUnit.net 00:00:01.08]   Finished:    Haven.Desktop.Tests (ID = '6af4a94bc17ebdbd1a28f789ec417e791bbca09ef8b01f58bbd623e29235e022')&#xD;
</StdOut>
    </Output>
    <RunInfos>
      <RunInfo computerName="DESKTOP-7CHJ9S6" outcome="Error" timestamp="2026-08-09T13:58:50.6193411+01:00">
        <Text>[xUnit.net 00:00:01.07]     Haven.Desktop.Tests.GenerativeUiSurfaceTests.Structured_form_can_submit_and_recreate_visual_surface_over_same_instance [FAIL]</Text>
      </RunInfo>
    </RunInfos>
  </ResultSummary>
</TestRun>